<?xml version="1.0" encoding="UTF-8"?>
<testsuite xmlns:xsi="http://www.w3.org/2001/XMLSchema-instance" xsi:noNamespaceSchemaLocation="https://maven.apache.org/surefire/maven-surefire-plugin/xsd/surefire-test-report-3.0.xsd" version="3.0" name="com.example.ToDo_App.ToDoAppApplicationTests" time="1.416" tests="1" errors="0" skipped="0" failures="0">
  <properties>
[...]
</properties>
  <testcase name="contextLoads" classname="com.example.ToDo_App.ToDoAppApplicationTests" time="0.002">
    <system-out><![CDATA[2024-12-03T17:15:09.923+01:00  INFO 42923 --- [ToDo-App] [           main] t.c.s.AnnotationConfigContextLoaderUtils : Could not detect default configuration classes for test class [com.example.ToDo_App.ToDoAppApplicationTests]: ToDoAppApplicationTests does not declare any static, non-private, non-final, nested classes annotated with @Configuration.
2024-12-03T17:15:09.931+01:00  INFO 42923 --- [ToDo-App] [           main] .b.t.c.SpringBootTestContextBootstrapper : Found @SpringBootConfiguration com.example.ToDo_App.ToDoAppApplication for test class com.example.ToDo_App.ToDoAppApplicationTests
2024-12-03T17:15:09.937+01:00  INFO 42923 --- [ToDo-App] [           main] o.s.b.d.r.RestartApplicationListener     : Restart disabled due to context in which it is running

  .   ____          _            __ _ _
 /\\ / ___'_ __ _ _(_)_ __  __ _ \ \ \ \
( ( )\___ | '_ | '_| | '_ \/ _` | \ \ \ \
 \\/  ___)| |_)| | | | | || (_| |  ) ) ) )
  '  |____| .__|_| |_|_| |_\__, | / / / /
 =========|_|==============|___/=/_/_/_/

 :: Spring Boot ::                (v3.3.4)

2024-12-03T17:15:09.963+01:00  INFO 42923 --- [ToDo-App] [           main] c.e.ToDo_App.ToDoAppApplicationTests     : Starting ToDoAppApplicationTests using Java 21.0.2 with PID 42923 (started by mihacaks in /Users/mihacaks/Desktop/GitHub/TaskFlow)
2024-12-03T17:15:09.963+01:00  INFO 42923 --- [ToDo-App] [           main] c.e.ToDo_App.ToDoAppApplicationTests     : The following 1 profile is active: "test"
2024-12-03T17:15:10.143+01:00  INFO 42923 --- [ToDo-App] [           main] .s.d.r.c.RepositoryConfigurationDelegate : Bootstrapping Spring Data JPA repositories in DEFAULT mode.
2024-12-03T17:15:10.161+01:00  INFO 42923 --- [ToDo-App] [           main] .s.d.r.c.RepositoryConfigurationDelegate : Finished Spring Data repository scanning in 14 ms. Found 1 JPA repository interface.
2024-12-03T17:15:10.305+01:00  INFO 42923 --- [ToDo-App] [           main] o.hibernate.jpa.internal.util.LogHelper  : HHH000204: Processing PersistenceUnitInfo [name: default]
2024-12-03T17:15:10.343+01:00  INFO 42923 --- [ToDo-App] [           main] org.hibernate.Version                    : HHH000412: Hibernate ORM core version 6.5.3.Final
2024-12-03T17:15:10.361+01:00  INFO 42923 --- [ToDo-App] [           main] o.h.c.internal.RegionFactoryInitiator    : HHH000026: Second-level cache disabled
2024-12-03T17:15:10.434+01:00  INFO 42923 --- [ToDo-App] [           main] o.s.o.j.p.SpringPersistenceUnitInfo      : No LoadTimeWeaver setup: ignoring JPA class transformer
2024-12-03T17:15:10.448+01:00  INFO 42923 --- [ToDo-App] [           main] com.zaxxer.hikari.HikariDataSource       : HikariPool-1 - Starting...
2024-12-03T17:15:10.567+01:00  INFO 42923 --- [ToDo-App] [           main] com.zaxxer.hikari.pool.HikariPool        : HikariPool-1 - Added connection conn0: url=jdbc:h2:mem:testdb user=SA
2024-12-03T17:15:10.568+01:00  INFO 42923 --- [ToDo-App] [           main] com.zaxxer.hikari.HikariDataSource       : HikariPool-1 - Start completed.
2024-12-03T17:15:10.582+01:00  WARN 42923 --- [ToDo-App] [           main] org.hibernate.orm.deprecation            : HHH90000025: H2Dialect does not need to be specified explicitly using 'hibernate.dialect' (remove the property setting and it will be selected by default)
2024-12-03T17:15:10.979+01:00  INFO 42923 --- [ToDo-App] [           main] o.h.e.t.j.p.i.JtaPlatformInitiator       : HHH000489: No JTA platform available (set 'hibernate.transaction.jta.platform' to enable JTA platform integration)
2024-12-03T17:15:10.997+01:00  INFO 42923 --- [ToDo-App] [           main] j.LocalContainerEntityManagerFactoryBean : Initialized JPA EntityManagerFactory for persistence unit 'default'
2024-12-03T17:15:11.226+01:00  WARN 42923 --- [ToDo-App] [           main] JpaBaseConfiguration$JpaWebConfiguration : spring.jpa.open-in-view is enabled by default. Therefore, database queries may be performed during view rendering. Explicitly configure spring.jpa.open-in-view to disable this warning
2024-12-03T17:15:11.334+01:00  INFO 42923 --- [ToDo-App] [           main] c.e.ToDo_App.ToDoAppApplicationTests     : Started ToDoAppApplicationTests in 1.398 seconds (process running for 3.22)
]]></system-out>
  </testcase>
</testsuite>